<?xml version="1.0" encoding="UTF-8"?>
<testsuite xmlns:xsi="http://www.w3.org/2001/XMLSchema-instance" xsi:noNamespaceSchemaLocation="https://maven.apache.org/surefire/maven-surefire-plugin/xsd/surefire-test-report-3.0.xsd" version="3.0" name="quarkiverse.pokedex.client.test.PokedexClientDevModeTest" time="3.268" tests="1" errors="1" skipped="0" failures="0">
  <properties>
    <property name="sun.desktop" value="gnome"/>
    <property name="awt.toolkit" value="sun.awt.X11.XToolkit"/>
    <property name="java.specification.version" value="11"/>
    <property name="sun.cpu.isalist" value=""/>
    <property name="sun.jnu.encoding" value="UTF-8"/>
    <property name="java.class.path" value="/home/ifjolla/Documents/QuarkusExtensions/Pokedex/pokedex-client/deployment/target/test-classes:/home/ifjolla/Documents/QuarkusExtensions/Pokedex/pokedex-client/deployment/target/classes:/home/ifjolla/.m2/repository/io/quarkus/quarkus-arc-deployment/2.16.0.Final/quarkus-arc-deployment-2.16.0.Final.jar:/home/ifjolla/.m2/repository/io/quarkus/quarkus-core-deployment/2.16.0.Final/quarkus-core-deployment-2.16.0.Final.jar:/home/ifjolla/.m2/repository/org/aesh/readline/2.2/readline-2.2.jar:/home/ifjolla/.m2/repository/org/fusesource/jansi/jansi/1.18/jansi-1.18.jar:/home/ifjolla/.m2/repository/org/aesh/aesh/2.7/aesh-2.7.jar:/home/ifjolla/.m2/repository/org/apache/commons/commons-lang3/3.12.0/commons-lang3-3.12.0.jar:/home/ifjolla/.m2/repository/org/wildfly/common/wildfly-common/1.5.4.Final-format-001/wildfly-common-1.5.4.Final-format-001.jar:/home/ifjolla/.m2/repository/io/quarkus/gizmo/gizmo/1.5.0.Final/gizmo-1.5.0.Final.jar:/home/ifjolla/.m2/repository/org/ow2/asm/asm-util/9.4/asm-util-9.4.jar:/home/ifjolla/.m2/repository/org/ow2/asm/asm-analysis/9.4/asm-analysis-9.4.jar:/home/ifjolla/.m2/repository/io/smallrye/jandex/3.0.5/jandex-3.0.5.jar:/home/ifjolla/.m2/repository/org/ow2/asm/asm/9.4/asm-9.4.jar:/home/ifjolla/.m2/repository/org/ow2/asm/asm-commons/9.4/asm-commons-9.4.jar:/home/ifjolla/.m2/repository/org/ow2/asm/asm-tree/9.4/asm-tree-9.4.jar:/home/ifjolla/.m2/repository/io/quarkus/quarkus-development-mode-spi/2.16.0.Final/quarkus-development-mode-spi-2.16.0.Final.jar:/home/ifjolla/.m2/repository/io/quarkus/quarkus-class-change-agent/2.16.0.Final/quarkus-class-change-agent-2.16.0.Final.jar:/home/ifjolla/.m2/repository/io/quarkus/quarkus-bootstrap-core/2.16.0.Final/quarkus-bootstrap-core-2.16.0.Final.jar:/home/ifjolla/.m2/repository/io/quarkus/quarkus-bootstrap-app-model/2.16.0.Final/quarkus-bootstrap-app-model-2.16.0.Final.jar:/home/ifjolla/.m2/repository/io/smallrye/common/smallrye-common-io/1.13.2/smallrye-common-io-1.13.2.jar:/home/ifjolla/.m2/repository/org/eclipse/sisu/org.eclipse.sisu.inject/0.3.5/org.eclipse.sisu.inject-0.3.5.jar:/home/ifjolla/.m2/repository/io/quarkus/quarkus-builder/2.16.0.Final/quarkus-builder-2.16.0.Final.jar:/home/ifjolla/.m2/repository/org/graalvm/sdk/graal-sdk/22.3.0/graal-sdk-22.3.0.jar:/home/ifjolla/.m2/repository/org/junit/platform/junit-platform-launcher/1.9.1/junit-platform-launcher-1.9.1.jar:/home/ifjolla/.m2/repository/org/junit/jupiter/junit-jupiter/5.9.1/junit-jupiter-5.9.1.jar:/home/ifjolla/.m2/repository/io/quarkus/quarkus-smallrye-context-propagation-spi/2.16.0.Final/quarkus-smallrye-context-propagation-spi-2.16.0.Final.jar:/home/ifjolla/.m2/repository/org/eclipse/microprofile/context-propagation/microprofile-context-propagation-api/1.2/microprofile-context-propagation-api-1.2.jar:/home/ifjolla/.m2/repository/io/quarkus/quarkus-vertx-http-dev-console-spi/2.16.0.Final/quarkus-vertx-http-dev-console-spi-2.16.0.Final.jar:/home/ifjolla/.m2/repository/io/quarkus/quarkus-vertx-http-dev-console-runtime-spi/2.16.0.Final/quarkus-vertx-http-dev-console-runtime-spi-2.16.0.Final.jar:/home/ifjolla/.m2/repository/io/quarkus/arc/arc/2.16.0.Final/arc-2.16.0.Final.jar:/home/ifjolla/.m2/repository/jakarta/transaction/jakarta.transaction-api/1.3.3/jakarta.transaction-api-1.3.3.jar:/home/ifjolla/.m2/repository/io/smallrye/reactive/mutiny/1.8.0/mutiny-1.8.0.jar:/home/ifjolla/.m2/repository/org/reactivestreams/reactive-streams/1.0.3/reactive-streams-1.0.3.jar:/home/ifjolla/.m2/repository/io/smallrye/common/smallrye-common-annotation/1.13.2/smallrye-common-annotation-1.13.2.jar:/home/ifjolla/.m2/repository/io/vertx/vertx-web/4.3.7/vertx-web-4.3.7.jar:/home/ifjolla/.m2/repository/io/vertx/vertx-web-common/4.3.7/vertx-web-common-4.3.7.jar:/home/ifjolla/.m2/repository/io/vertx/vertx-auth-common/4.3.7/vertx-auth-common-4.3.7.jar:/home/ifjolla/.m2/repository/io/vertx/vertx-bridge-common/4.3.7/vertx-bridge-common-4.3.7.jar:/home/ifjolla/.m2/repository/io/vertx/vertx-core/4.3.7/vertx-core-4.3.7.jar:/home/ifjolla/.m2/repository/io/netty/netty-common/4.1.86.Final/netty-common-4.1.86.Final.jar:/home/ifjolla/.m2/repository/io/netty/netty-buffer/4.1.86.Final/netty-buffer-4.1.86.Final.jar:/home/ifjolla/.m2/repository/io/netty/netty-transport/4.1.86.Final/netty-transport-4.1.86.Final.jar:/home/ifjolla/.m2/repository/io/netty/netty-handler/4.1.86.Final/netty-handler-4.1.86.Final.jar:/home/ifjolla/.m2/repository/io/netty/netty-transport-native-unix-common/4.1.86.Final/netty-transport-native-unix-common-4.1.86.Final.jar:/home/ifjolla/.m2/repository/io/netty/netty-codec/4.1.86.Final/netty-codec-4.1.86.Final.jar:/home/ifjolla/.m2/repository/io/netty/netty-handler-proxy/4.1.86.Final/netty-handler-proxy-4.1.86.Final.jar:/home/ifjolla/.m2/repository/io/netty/netty-codec-socks/4.1.86.Final/netty-codec-socks-4.1.86.Final.jar:/home/ifjolla/.m2/repository/io/netty/netty-codec-http/4.1.86.Final/netty-codec-http-4.1.86.Final.jar:/home/ifjolla/.m2/repository/io/netty/netty-codec-http2/4.1.86.Final/netty-codec-http2-4.1.86.Final.jar:/home/ifjolla/.m2/repository/io/netty/netty-resolver/4.1.86.Final/netty-resolver-4.1.86.Final.jar:/home/ifjolla/.m2/repository/io/netty/netty-resolver-dns/4.1.86.Final/netty-resolver-dns-4.1.86.Final.jar:/home/ifjolla/.m2/repository/io/netty/netty-codec-dns/4.1.86.Final/netty-codec-dns-4.1.86.Final.jar:/home/ifjolla/.m2/repository/io/quarkus/quarkus-arc/2.16.0.Final/quarkus-arc-2.16.0.Final.jar:/home/ifjolla/.m2/repository/io/quarkus/arc/arc-processor/2.16.0.Final/arc-processor-2.16.0.Final.jar:/home/ifjolla/.m2/repository/org/jboss/logging/jboss-logging/3.5.0.Final/jboss-logging-3.5.0.Final.jar:/home/ifjolla/.m2/repository/jakarta/annotation/jakarta.annotation-api/1.3.5/jakarta.annotation-api-1.3.5.jar:/home/ifjolla/.m2/repository/io/quarkus/quarkus-rest-client-reactive-deployment/2.16.0.Final/quarkus-rest-client-reactive-deployment-2.16.0.Final.jar:/home/ifjolla/.m2/repository/io/quarkus/quarkus-rest-client-reactive/2.16.0.Final/quarkus-rest-client-reactive-2.16.0.Final.jar:/home/ifjolla/.m2/repository/io/quarkus/quarkus-jaxrs-client-reactive/2.16.0.Final/quarkus-jaxrs-client-reactive-2.16.0.Final.jar:/home/ifjolla/.m2/repository/io/quarkus/quarkus-vertx/2.16.0.Final/quarkus-vertx-2.16.0.Final.jar:/home/ifjolla/.m2/repository/io/quarkus/quarkus-netty/2.16.0.Final/quarkus-netty-2.16.0.Final.jar:/home/ifjolla/.m2/repository/com/aayushatharva/brotli4j/brotli4j/1.8.0/brotli4j-1.8.0.jar:/home/ifjolla/.m2/repository/com/aayushatharva/brotli4j/native-linux-x86_64/1.8.0/native-linux-x86_64-1.8.0.jar:/home/ifjolla/.m2/repository/io/netty/netty-codec-haproxy/4.1.86.Final/netty-codec-haproxy-4.1.86.Final.jar:/home/ifjolla/.m2/repository/io/quarkus/quarkus-vertx-latebound-mdc-provider/2.16.0.Final/quarkus-vertx-latebound-mdc-provider-2.16.0.Final.jar:/home/ifjolla/.m2/repository/io/smallrye/smallrye-fault-tolerance-vertx/5.6.0/smallrye-fault-tolerance-vertx-5.6.0.jar:/home/ifjolla/.m2/repository/io/quarkus/resteasy/reactive/resteasy-reactive-client/2.16.0.Final/resteasy-reactive-client-2.16.0.Final.jar:/home/ifjolla/.m2/repository/io/vertx/vertx-web-client/4.3.7/vertx-web-client-4.3.7.jar:/home/ifjolla/.m2/repository/io/vertx/vertx-uri-template/4.3.7/vertx-uri-template-4.3.7.jar:/home/ifjolla/.m2/repository/io/quarkus/quarkus-smallrye-stork/2.16.0.Final/quarkus-smallrye-stork-2.16.0.Final.jar:/home/ifjolla/.m2/repository/io/quarkus/quarkus-rest-client-config/2.16.0.Final/quarkus-rest-client-config-2.16.0.Final.jar:/home/ifjolla/.m2/repository/io/smallrye/stork/stork-api/1.4.1/stork-api-1.4.1.jar:/home/ifjolla/.m2/repository/io/smallrye/stork/stork-core/1.4.1/stork-core-1.4.1.jar:/home/ifjolla/.m2/repository/org/eclipse/microprofile/rest/client/microprofile-rest-client-api/2.0/microprofile-rest-client-api-2.0.jar:/home/ifjolla/.m2/repository/io/quarkus/quarkus-jaxrs-client-reactive-deployment/2.16.0.Final/quarkus-jaxrs-client-reactive-deployment-2.16.0.Final.jar:/home/ifjolla/.m2/repository/io/quarkus/resteasy/reactive/resteasy-reactive-client-processor/2.16.0.Final/resteasy-reactive-client-processor-2.16.0.Final.jar:/home/ifjolla/.m2/repository/io/quarkus/quarkus-vertx-deployment/2.16.0.Final/quarkus-vertx-deployment-2.16.0.Final.jar:/home/ifjolla/.m2/repository/io/quarkus/quarkus-netty-deployment/2.16.0.Final/quarkus-netty-deployment-2.16.0.Final.jar:/home/ifjolla/.m2/repository/io/quarkus/quarkus-resteasy-reactive-spi-deployment/2.16.0.Final/quarkus-resteasy-reactive-spi-deployment-2.16.0.Final.jar:/home/ifjolla/.m2/repository/io/quarkus/quarkus-smallrye-stork-deployment/2.16.0.Final/quarkus-smallrye-stork-deployment-2.16.0.Final.jar:/home/ifjolla/.m2/repository/io/quarkus/quarkus-rest-client-config-deployment/2.16.0.Final/quarkus-rest-client-config-deployment-2.16.0.Final.jar:/home/ifjolla/.m2/repository/io/quarkus/quarkus-rest-client-reactive-jackson-deployment/2.16.0.Final/quarkus-rest-client-reactive-jackson-deployment-2.16.0.Final.jar:/home/ifjolla/.m2/repository/io/quarkus/quarkus-resteasy-reactive-jackson-common-deployment/2.16.0.Final/quarkus-resteasy-reactive-jackson-common-deployment-2.16.0.Final.jar:/home/ifjolla/.m2/repository/io/quarkus/quarkus-jackson-deployment/2.16.0.Final/quarkus-jackson-deployment-2.16.0.Final.jar:/home/ifjolla/.m2/repository/io/quarkus/quarkus-jackson-spi/2.16.0.Final/quarkus-jackson-spi-2.16.0.Final.jar:/home/ifjolla/.m2/repository/io/quarkus/quarkus-jackson/2.16.0.Final/quarkus-jackson-2.16.0.Final.jar:/home/ifjolla/.m2/repository/com/fasterxml/jackson/datatype/jackson-datatype-jsr310/2.14.1/jackson-datatype-jsr310-2.14.1.jar:/home/ifjolla/.m2/repository/com/fasterxml/jackson/datatype/jackson-datatype-jdk8/2.14.1/jackson-datatype-jdk8-2.14.1.jar:/home/ifjolla/.m2/repository/com/fasterxml/jackson/module/jackson-module-parameter-names/2.14.1/jackson-module-parameter-names-2.14.1.jar:/home/ifjolla/.m2/repository/io/quarkus/quarkus-resteasy-reactive-jackson-common/2.16.0.Final/quarkus-resteasy-reactive-jackson-common-2.16.0.Final.jar:/home/ifjolla/.m2/repository/io/quarkus/quarkus-rest-client-reactive-jackson/2.16.0.Final/quarkus-rest-client-reactive-jackson-2.16.0.Final.jar:/home/ifjolla/.m2/repository/io/quarkus/resteasy/reactive/resteasy-reactive-jackson/2.16.0.Final/resteasy-reactive-jackson-2.16.0.Final.jar:/home/ifjolla/.m2/repository/org/jboss/spec/javax/xml/bind/jboss-jaxb-api_2.3_spec/2.0.0.Final/jboss-jaxb-api_2.3_spec-2.0.0.Final.jar:/home/ifjolla/.m2/repository/io/quarkus/quarkus-resteasy-reactive-deployment/2.16.0.Final/quarkus-resteasy-reactive-deployment-2.16.0.Final.jar:/home/ifjolla/.m2/repository/io/quarkus/resteasy/reactive/resteasy-reactive-processor/2.16.0.Final/resteasy-reactive-processor-2.16.0.Final.jar:/home/ifjolla/.m2/repository/io/quarkus/resteasy/reactive/resteasy-reactive/2.16.0.Final/resteasy-reactive-2.16.0.Final.jar:/home/ifjolla/.m2/repository/io/quarkus/resteasy/reactive/resteasy-reactive-common/2.16.0.Final/resteasy-reactive-common-2.16.0.Final.jar:/home/ifjolla/.m2/repository/io/quarkus/resteasy/reactive/resteasy-reactive-common-types/2.16.0.Final/resteasy-reactive-common-types-2.16.0.Final.jar:/home/ifjolla/.m2/repository/io/quarkus/resteasy/reactive/resteasy-reactive-common-processor/2.16.0.Final/resteasy-reactive-common-processor-2.16.0.Final.jar:/home/ifjolla/.m2/repository/org/jboss/spec/javax/ws/rs/jboss-jaxrs-api_2.1_spec/2.0.1.Final/jboss-jaxrs-api_2.1_spec-2.0.1.Final.jar:/home/ifjolla/.m2/repository/io/quarkus/quarkus-vertx-http-deployment/2.16.0.Final/quarkus-vertx-http-deployment-2.16.0.Final.jar:/home/ifjolla/.m2/repository/io/quarkus/quarkus-vertx-http/2.16.0.Final/quarkus-vertx-http-2.16.0.Final.jar:/home/ifjolla/.m2/repository/io/quarkus/quarkus-security-runtime-spi/2.16.0.Final/quarkus-security-runtime-spi-2.16.0.Final.jar:/home/ifjolla/.m2/repository/io/quarkus/quarkus-credentials/2.16.0.Final/quarkus-credentials-2.16.0.Final.jar:/home/ifjolla/.m2/repository/io/quarkus/quarkus-mutiny/2.16.0.Final/quarkus-mutiny-2.16.0.Final.jar:/home/ifjolla/.m2/repository/io/quarkus/quarkus-smallrye-context-propagation/2.16.0.Final/quarkus-smallrye-context-propagation-2.16.0.Final.jar:/home/ifjolla/.m2/repository/io/smallrye/smallrye-context-propagation/1.2.2/smallrye-context-propagation-1.2.2.jar:/home/ifjolla/.m2/repository/io/smallrye/smallrye-context-propagation-api/1.2.2/smallrye-context-propagation-api-1.2.2.jar:/home/ifjolla/.m2/repository/io/smallrye/smallrye-context-propagation-storage/1.2.2/smallrye-context-propagation-storage-1.2.2.jar:/home/ifjolla/.m2/repository/io/smallrye/reactive/mutiny-smallrye-context-propagation/1.8.0/mutiny-smallrye-context-propagation-1.8.0.jar:/home/ifjolla/.m2/repository/io/smallrye/common/smallrye-common-vertx-context/1.13.2/smallrye-common-vertx-context-1.13.2.jar:/home/ifjolla/.m2/repository/io/smallrye/common/smallrye-common-constraint/1.13.2/smallrye-common-constraint-1.13.2.jar:/home/ifjolla/.m2/repository/io/smallrye/reactive/smallrye-mutiny-vertx-web/2.30.1/smallrye-mutiny-vertx-web-2.30.1.jar:/home/ifjolla/.m2/repository/io/smallrye/reactive/smallrye-mutiny-vertx-web-common/2.30.1/smallrye-mutiny-vertx-web-common-2.30.1.jar:/home/ifjolla/.m2/repository/io/smallrye/reactive/smallrye-mutiny-vertx-auth-common/2.30.1/smallrye-mutiny-vertx-auth-common-2.30.1.jar:/home/ifjolla/.m2/repository/io/smallrye/reactive/smallrye-mutiny-vertx-bridge-common/2.30.1/smallrye-mutiny-vertx-bridge-common-2.30.1.jar:/home/ifjolla/.m2/repository/io/smallrye/reactive/smallrye-mutiny-vertx-uri-template/2.30.1/smallrye-mutiny-vertx-uri-template-2.30.1.jar:/home/ifjolla/.m2/repository/io/github/crac/org-crac/0.1.3/org-crac-0.1.3.jar:/home/ifjolla/.m2/repository/io/quarkus/quarkus-vertx-http-deployment-spi/2.16.0.Final/quarkus-vertx-http-deployment-spi-2.16.0.Final.jar:/home/ifjolla/.m2/repository/io/quarkus/quarkus-mutiny-deployment/2.16.0.Final/quarkus-mutiny-deployment-2.16.0.Final.jar:/home/ifjolla/.m2/repository/io/quarkus/quarkus-smallrye-context-propagation-deployment/2.16.0.Final/quarkus-smallrye-context-propagation-deployment-2.16.0.Final.jar:/home/ifjolla/.m2/repository/io/quarkus/quarkus-kubernetes-spi/2.16.0.Final/quarkus-kubernetes-spi-2.16.0.Final.jar:/home/ifjolla/.m2/repository/io/quarkus/qute/qute-core/2.16.0.Final/qute-core-2.16.0.Final.jar:/home/ifjolla/.m2/repository/org/yaml/snakeyaml/1.33/snakeyaml-1.33.jar:/home/ifjolla/.m2/repository/com/fasterxml/jackson/core/jackson-databind/2.14.1/jackson-databind-2.14.1.jar:/home/ifjolla/.m2/repository/com/fasterxml/jackson/core/jackson-annotations/2.14.1/jackson-annotations-2.14.1.jar:/home/ifjolla/.m2/repository/com/fasterxml/jackson/core/jackson-core/2.14.1/jackson-core-2.14.1.jar:/home/ifjolla/.m2/repository/io/quarkus/quarkus-resteasy-reactive/2.16.0.Final/quarkus-resteasy-reactive-2.16.0.Final.jar:/home/ifjolla/.m2/repository/io/quarkus/quarkus-resteasy-reactive-common/2.16.0.Final/quarkus-resteasy-reactive-common-2.16.0.Final.jar:/home/ifjolla/.m2/repository/io/quarkus/resteasy/reactive/resteasy-reactive-vertx/2.16.0.Final/resteasy-reactive-vertx-2.16.0.Final.jar:/home/ifjolla/.m2/repository/io/smallrye/reactive/smallrye-mutiny-vertx-core/2.30.1/smallrye-mutiny-vertx-core-2.30.1.jar:/home/ifjolla/.m2/repository/io/smallrye/reactive/smallrye-mutiny-vertx-runtime/2.30.1/smallrye-mutiny-vertx-runtime-2.30.1.jar:/home/ifjolla/.m2/repository/io/smallrye/reactive/vertx-mutiny-generator/2.30.1/vertx-mutiny-generator-2.30.1.jar:/home/ifjolla/.m2/repository/io/vertx/vertx-codegen/4.3.7/vertx-codegen-4.3.7.jar:/home/ifjolla/.m2/repository/io/quarkus/quarkus-jsonp/2.16.0.Final/quarkus-jsonp-2.16.0.Final.jar:/home/ifjolla/.m2/repository/org/glassfish/jakarta.json/1.1.6/jakarta.json-1.1.6.jar:/home/ifjolla/.m2/repository/io/quarkus/quarkus-resteasy-reactive-server-spi-deployment/2.16.0.Final/quarkus-resteasy-reactive-server-spi-deployment-2.16.0.Final.jar:/home/ifjolla/.m2/repository/io/quarkus/quarkus-jaxrs-spi-deployment/2.16.0.Final/quarkus-jaxrs-spi-deployment-2.16.0.Final.jar:/home/ifjolla/.m2/repository/io/quarkus/quarkus-security-spi/2.16.0.Final/quarkus-security-spi-2.16.0.Final.jar:/home/ifjolla/.m2/repository/io/quarkus/security/quarkus-security/1.1.4.Final/quarkus-security-1.1.4.Final.jar:/home/ifjolla/.m2/repository/io/quarkus/quarkus-jsonp-deployment/2.16.0.Final/quarkus-jsonp-deployment-2.16.0.Final.jar:/home/ifjolla/.m2/repository/io/quarkus/quarkus-resteasy-reactive-common-deployment/2.16.0.Final/quarkus-resteasy-reactive-common-deployment-2.16.0.Final.jar:/home/ifjolla/.m2/repository/io/quarkus/quarkus-resteasy-reactive-jackson-deployment/2.16.0.Final/quarkus-resteasy-reactive-jackson-deployment-2.16.0.Final.jar:/home/ifjolla/.m2/repository/io/quarkus/quarkus-resteasy-reactive-jackson/2.16.0.Final/quarkus-resteasy-reactive-jackson-2.16.0.Final.jar:/home/ifjolla/Documents/QuarkusExtensions/Pokedex/pokedex-client/runtime/target/pokedex-client-1.0.0-SNAPSHOT.jar:/home/ifjolla/.m2/repository/io/quarkus/quarkus-junit5-internal/2.16.0.Final/quarkus-junit5-internal-2.16.0.Final.jar:/home/ifjolla/.m2/repository/org/jboss/shrinkwrap/shrinkwrap-api/1.2.6/shrinkwrap-api-1.2.6.jar:/home/ifjolla/.m2/repository/org/jboss/shrinkwrap/shrinkwrap-spi/1.2.6/shrinkwrap-spi-1.2.6.jar:/home/ifjolla/.m2/repository/org/jboss/shrinkwrap/shrinkwrap-impl-base/1.2.6/shrinkwrap-impl-base-1.2.6.jar:/home/ifjolla/.m2/repository/org/junit/jupiter/junit-jupiter-api/5.9.1/junit-jupiter-api-5.9.1.jar:/home/ifjolla/.m2/repository/org/opentest4j/opentest4j/1.2.0/opentest4j-1.2.0.jar:/home/ifjolla/.m2/repository/org/junit/platform/junit-platform-commons/1.9.1/junit-platform-commons-1.9.1.jar:/home/ifjolla/.m2/repository/org/apiguardian/apiguardian-api/1.1.2/apiguardian-api-1.1.2.jar:/home/ifjolla/.m2/repository/org/junit/jupiter/junit-jupiter-params/5.9.1/junit-jupiter-params-5.9.1.jar:/home/ifjolla/.m2/repository/org/junit/jupiter/junit-jupiter-engine/5.9.1/junit-jupiter-engine-5.9.1.jar:/home/ifjolla/.m2/repository/org/junit/platform/junit-platform-engine/1.9.1/junit-platform-engine-1.9.1.jar:/home/ifjolla/.m2/repository/io/quarkus/quarkus-core/2.16.0.Final/quarkus-core-2.16.0.Final.jar:/home/ifjolla/.m2/repository/jakarta/inject/jakarta.inject-api/1.0/jakarta.inject-api-1.0.jar:/home/ifjolla/.m2/repository/io/quarkus/quarkus-ide-launcher/2.16.0.Final/quarkus-ide-launcher-2.16.0.Final.jar:/home/ifjolla/.m2/repository/io/smallrye/config/smallrye-config/2.13.1/smallrye-config-2.13.1.jar:/home/ifjolla/.m2/repository/io/smallrye/config/smallrye-config-core/2.13.1/smallrye-config-core-2.13.1.jar:/home/ifjolla/.m2/repository/org/eclipse/microprofile/config/microprofile-config-api/2.0.1/microprofile-config-api-2.0.1.jar:/home/ifjolla/.m2/repository/io/smallrye/common/smallrye-common-expression/1.13.2/smallrye-common-expression-1.13.2.jar:/home/ifjolla/.m2/repository/io/smallrye/common/smallrye-common-function/1.13.2/smallrye-common-function-1.13.2.jar:/home/ifjolla/.m2/repository/io/smallrye/common/smallrye-common-classloader/1.13.2/smallrye-common-classloader-1.13.2.jar:/home/ifjolla/.m2/repository/io/smallrye/config/smallrye-config-common/2.13.1/smallrye-config-common-2.13.1.jar:/home/ifjolla/.m2/repository/org/jboss/logmanager/jboss-logmanager-embedded/1.0.11/jboss-logmanager-embedded-1.0.11.jar:/home/ifjolla/.m2/repository/org/jboss/logging/jboss-logging-annotations/2.2.1.Final/jboss-logging-annotations-2.2.1.Final.jar:/home/ifjolla/.m2/repository/org/jboss/threads/jboss-threads/3.4.3.Final/jboss-threads-3.4.3.Final.jar:/home/ifjolla/.m2/repository/org/slf4j/slf4j-api/1.7.36/slf4j-api-1.7.36.jar:/home/ifjolla/.m2/repository/org/jboss/slf4j/slf4j-jboss-logmanager/1.2.0.Final/slf4j-jboss-logmanager-1.2.0.Final.jar:/home/ifjolla/.m2/repository/io/quarkus/quarkus-bootstrap-runner/2.16.0.Final/quarkus-bootstrap-runner-2.16.0.Final.jar:/home/ifjolla/.m2/repository/io/quarkus/quarkus-fs-util/0.0.9/quarkus-fs-util-0.0.9.jar:/home/ifjolla/.m2/repository/io/quarkus/quarkus-test-common/2.16.0.Final/quarkus-test-common-2.16.0.Final.jar:/home/ifjolla/.m2/repository/io/quarkus/quarkus-bootstrap-maven-resolver/2.16.0.Final/quarkus-bootstrap-maven-resolver-2.16.0.Final.jar:/home/ifjolla/.m2/repository/org/apache/maven/maven-embedder/3.8.6/maven-embedder-3.8.6.jar:/home/ifjolla/.m2/repository/org/apache/maven/maven-settings/3.8.6/maven-settings-3.8.6.jar:/home/ifjolla/.m2/repository/org/apache/maven/maven-core/3.8.6/maven-core-3.8.6.jar:/home/ifjolla/.m2/repository/org/apache/maven/maven-artifact/3.8.6/maven-artifact-3.8.6.jar:/home/ifjolla/.m2/repository/org/codehaus/plexus/plexus-component-annotations/2.1.0/plexus-component-annotations-2.1.0.jar:/home/ifjolla/.m2/repository/org/apache/maven/maven-plugin-api/3.8.6/maven-plugin-api-3.8.6.jar:/home/ifjolla/.m2/repository/org/apache/maven/maven-model/3.8.6/maven-model-3.8.6.jar:/home/ifjolla/.m2/repository/org/apache/maven/maven-model-builder/3.8.6/maven-model-builder-3.8.6.jar:/home/ifjolla/.m2/repository/org/apache/maven/maven-builder-support/3.8.6/maven-builder-support-3.8.6.jar:/home/ifjolla/.m2/repository/org/apache/maven/resolver/maven-resolver-api/1.6.3/maven-resolver-api-1.6.3.jar:/home/ifjolla/.m2/repository/org/apache/maven/resolver/maven-resolver-util/1.6.3/maven-resolver-util-1.6.3.jar:/home/ifjolla/.m2/repository/org/apache/maven/shared/maven-shared-utils/3.3.4/maven-shared-utils-3.3.4.jar:/home/ifjolla/.m2/repository/commons-io/commons-io/2.11.0/commons-io-2.11.0.jar:/home/ifjolla/.m2/repository/com/google/inject/guice/4.2.2/guice-4.2.2-no_aop.jar:/home/ifjolla/.m2/repository/com/google/guava/guava/31.1-jre/guava-31.1-jre.jar:/home/ifjolla/.m2/repository/com/google/guava/failureaccess/1.0.1/failureaccess-1.0.1.jar:/home/ifjolla/.m2/repository/org/codehaus/plexus/plexus-classworlds/2.6.0/plexus-classworlds-2.6.0.jar:/home/ifjolla/.m2/repository/org/codehaus/plexus/plexus-sec-dispatcher/2.0/plexus-sec-dispatcher-2.0.jar:/home/ifjolla/.m2/repository/org/codehaus/plexus/plexus-cipher/2.0/plexus-cipher-2.0.jar:/home/ifjolla/.m2/repository/commons-cli/commons-cli/1.4/commons-cli-1.4.jar:/home/ifjolla/.m2/repository/org/eclipse/sisu/org.eclipse.sisu.plexus/0.3.5/org.eclipse.sisu.plexus-0.3.5.jar:/home/ifjolla/.m2/repository/org/apache/maven/maven-settings-builder/3.8.6/maven-settings-builder-3.8.6.jar:/home/ifjolla/.m2/repository/org/codehaus/plexus/plexus-interpolation/1.26/plexus-interpolation-1.26.jar:/home/ifjolla/.m2/repository/org/apache/maven/maven-resolver-provider/3.8.6/maven-resolver-provider-3.8.6.jar:/home/ifjolla/.m2/repository/org/apache/maven/maven-repository-metadata/3.8.6/maven-repository-metadata-3.8.6.jar:/home/ifjolla/.m2/repository/org/apache/maven/resolver/maven-resolver-spi/1.6.3/maven-resolver-spi-1.6.3.jar:/home/ifjolla/.m2/repository/org/apache/maven/resolver/maven-resolver-impl/1.6.3/maven-resolver-impl-1.6.3.jar:/home/ifjolla/.m2/repository/org/codehaus/plexus/plexus-utils/3.3.0/plexus-utils-3.3.0.jar:/home/ifjolla/.m2/repository/org/apache/maven/resolver/maven-resolver-connector-basic/1.6.3/maven-resolver-connector-basic-1.6.3.jar:/home/ifjolla/.m2/repository/org/apache/maven/resolver/maven-resolver-transport-wagon/1.6.3/maven-resolver-transport-wagon-1.6.3.jar:/home/ifjolla/.m2/repository/org/apache/maven/wagon/wagon-http/3.5.1/wagon-http-3.5.1.jar:/home/ifjolla/.m2/repository/org/apache/maven/wagon/wagon-http-shared/3.5.1/wagon-http-shared-3.5.1.jar:/home/ifjolla/.m2/repository/org/apache/httpcomponents/httpclient/4.5.14/httpclient-4.5.14.jar:/home/ifjolla/.m2/repository/commons-codec/commons-codec/1.15/commons-codec-1.15.jar:/home/ifjolla/.m2/repository/org/apache/httpcomponents/httpcore/4.4.16/httpcore-4.4.16.jar:/home/ifjolla/.m2/repository/org/apache/maven/wagon/wagon-provider-api/3.5.1/wagon-provider-api-3.5.1.jar:/home/ifjolla/.m2/repository/org/apache/maven/wagon/wagon-file/3.5.1/wagon-file-3.5.1.jar:/home/ifjolla/.m2/repository/io/quarkus/quarkus-bootstrap-gradle-resolver/2.16.0.Final/quarkus-bootstrap-gradle-resolver-2.16.0.Final.jar:/home/ifjolla/.m2/repository/org/jboss/logging/commons-logging-jboss-logging/1.0.0.Final/commons-logging-jboss-logging-1.0.0.Final.jar:/home/ifjolla/.m2/repository/jakarta/enterprise/jakarta.enterprise.cdi-api/2.0.2/jakarta.enterprise.cdi-api-2.0.2.jar:/home/ifjolla/.m2/repository/jakarta/el/jakarta.el-api/3.0.3/jakarta.el-api-3.0.3.jar:/home/ifjolla/.m2/repository/jakarta/interceptor/jakarta.interceptor-api/1.2.5/jakarta.interceptor-api-1.2.5.jar:/home/ifjolla/.m2/repository/io/quarkus/quarkus-devtools-utilities/2.16.0.Final/quarkus-devtools-utilities-2.16.0.Final.jar:/home/ifjolla/.m2/repository/org/awaitility/awaitility/4.2.0/awaitility-4.2.0.jar:/home/ifjolla/.m2/repository/org/hamcrest/hamcrest/2.1/hamcrest-2.1.jar:"/>
    <property name="java.vm.vendor" value="Red Hat, Inc."/>
    <property name="sun.arch.data.model" value="64"/>
    <property name="java.vendor.url" value="https://www.redhat.com/"/>
    <property name="user.timezone" value="America/New_York"/>
    <property name="java.vm.specification.version" value="11"/>
    <property name="os.name" value="Linux"/>
    <property name="sun.java.launcher" value="SUN_STANDARD"/>
    <property name="user.country" value="US"/>
    <property name="sun.boot.library.path" value="/usr/lib/jvm/java-11-openjdk-11.0.16.1.1-1.el8_6.x86_64/lib"/>
    <property name="sun.java.command" value="/home/ifjolla/Documents/QuarkusExtensions/Pokedex/pokedex-client/deployment/target/surefire/surefirebooter-20230127110926284_3.jar /home/ifjolla/Documents/QuarkusExtensions/Pokedex/pokedex-client/deployment/target/surefire 2023-01-27T11-09-25_115-jvmRun1 surefire-20230127110926284_1tmp surefire_0-20230127110926284_2tmp"/>
    <property name="jdk.debug" value="release"/>
    <property name="maven.home" value="/usr/share/maven"/>
    <property name="surefire.test.class.path" value="/home/ifjolla/Documents/QuarkusExtensions/Pokedex/pokedex-client/deployment/target/test-classes:/home/ifjolla/Documents/QuarkusExtensions/Pokedex/pokedex-client/deployment/target/classes:/home/ifjolla/.m2/repository/io/quarkus/quarkus-arc-deployment/2.16.0.Final/quarkus-arc-deployment-2.16.0.Final.jar:/home/ifjolla/.m2/repository/io/quarkus/quarkus-core-deployment/2.16.0.Final/quarkus-core-deployment-2.16.0.Final.jar:/home/ifjolla/.m2/repository/org/aesh/readline/2.2/readline-2.2.jar:/home/ifjolla/.m2/repository/org/fusesource/jansi/jansi/1.18/jansi-1.18.jar:/home/ifjolla/.m2/repository/org/aesh/aesh/2.7/aesh-2.7.jar:/home/ifjolla/.m2/repository/org/apache/commons/commons-lang3/3.12.0/commons-lang3-3.12.0.jar:/home/ifjolla/.m2/repository/org/wildfly/common/wildfly-common/1.5.4.Final-format-001/wildfly-common-1.5.4.Final-format-001.jar:/home/ifjolla/.m2/repository/io/quarkus/gizmo/gizmo/1.5.0.Final/gizmo-1.5.0.Final.jar:/home/ifjolla/.m2/repository/org/ow2/asm/asm-util/9.4/asm-util-9.4.jar:/home/ifjolla/.m2/repository/org/ow2/asm/asm-analysis/9.4/asm-analysis-9.4.jar:/home/ifjolla/.m2/repository/io/smallrye/jandex/3.0.5/jandex-3.0.5.jar:/home/ifjolla/.m2/repository/org/ow2/asm/asm/9.4/asm-9.4.jar:/home/ifjolla/.m2/repository/org/ow2/asm/asm-commons/9.4/asm-commons-9.4.jar:/home/ifjolla/.m2/repository/org/ow2/asm/asm-tree/9.4/asm-tree-9.4.jar:/home/ifjolla/.m2/repository/io/quarkus/quarkus-development-mode-spi/2.16.0.Final/quarkus-development-mode-spi-2.16.0.Final.jar:/home/ifjolla/.m2/repository/io/quarkus/quarkus-class-change-agent/2.16.0.Final/quarkus-class-change-agent-2.16.0.Final.jar:/home/ifjolla/.m2/repository/io/quarkus/quarkus-bootstrap-core/2.16.0.Final/quarkus-bootstrap-core-2.16.0.Final.jar:/home/ifjolla/.m2/repository/io/quarkus/quarkus-bootstrap-app-model/2.16.0.Final/quarkus-bootstrap-app-model-2.16.0.Final.jar:/home/ifjolla/.m2/repository/io/smallrye/common/smallrye-common-io/1.13.2/smallrye-common-io-1.13.2.jar:/home/ifjolla/.m2/repository/org/eclipse/sisu/org.eclipse.sisu.inject/0.3.5/org.eclipse.sisu.inject-0.3.5.jar:/home/ifjolla/.m2/repository/io/quarkus/quarkus-builder/2.16.0.Final/quarkus-builder-2.16.0.Final.jar:/home/ifjolla/.m2/repository/org/graalvm/sdk/graal-sdk/22.3.0/graal-sdk-22.3.0.jar:/home/ifjolla/.m2/repository/org/junit/platform/junit-platform-launcher/1.9.1/junit-platform-launcher-1.9.1.jar:/home/ifjolla/.m2/repository/org/junit/jupiter/junit-jupiter/5.9.1/junit-jupiter-5.9.1.jar:/home/ifjolla/.m2/repository/io/quarkus/quarkus-smallrye-context-propagation-spi/2.16.0.Final/quarkus-smallrye-context-propagation-spi-2.16.0.Final.jar:/home/ifjolla/.m2/repository/org/eclipse/microprofile/context-propagation/microprofile-context-propagation-api/1.2/microprofile-context-propagation-api-1.2.jar:/home/ifjolla/.m2/repository/io/quarkus/quarkus-vertx-http-dev-console-spi/2.16.0.Final/quarkus-vertx-http-dev-console-spi-2.16.0.Final.jar:/home/ifjolla/.m2/repository/io/quarkus/quarkus-vertx-http-dev-console-runtime-spi/2.16.0.Final/quarkus-vertx-http-dev-console-runtime-spi-2.16.0.Final.jar:/home/ifjolla/.m2/repository/io/quarkus/arc/arc/2.16.0.Final/arc-2.16.0.Final.jar:/home/ifjolla/.m2/repository/jakarta/transaction/jakarta.transaction-api/1.3.3/jakarta.transaction-api-1.3.3.jar:/home/ifjolla/.m2/repository/io/smallrye/reactive/mutiny/1.8.0/mutiny-1.8.0.jar:/home/ifjolla/.m2/repository/org/reactivestreams/reactive-streams/1.0.3/reactive-streams-1.0.3.jar:/home/ifjolla/.m2/repository/io/smallrye/common/smallrye-common-annotation/1.13.2/smallrye-common-annotation-1.13.2.jar:/home/ifjolla/.m2/repository/io/vertx/vertx-web/4.3.7/vertx-web-4.3.7.jar:/home/ifjolla/.m2/repository/io/vertx/vertx-web-common/4.3.7/vertx-web-common-4.3.7.jar:/home/ifjolla/.m2/repository/io/vertx/vertx-auth-common/4.3.7/vertx-auth-common-4.3.7.jar:/home/ifjolla/.m2/repository/io/vertx/vertx-bridge-common/4.3.7/vertx-bridge-common-4.3.7.jar:/home/ifjolla/.m2/repository/io/vertx/vertx-core/4.3.7/vertx-core-4.3.7.jar:/home/ifjolla/.m2/repository/io/netty/netty-common/4.1.86.Final/netty-common-4.1.86.Final.jar:/home/ifjolla/.m2/repository/io/netty/netty-buffer/4.1.86.Final/netty-buffer-4.1.86.Final.jar:/home/ifjolla/.m2/repository/io/netty/netty-transport/4.1.86.Final/netty-transport-4.1.86.Final.jar:/home/ifjolla/.m2/repository/io/netty/netty-handler/4.1.86.Final/netty-handler-4.1.86.Final.jar:/home/ifjolla/.m2/repository/io/netty/netty-transport-native-unix-common/4.1.86.Final/netty-transport-native-unix-common-4.1.86.Final.jar:/home/ifjolla/.m2/repository/io/netty/netty-codec/4.1.86.Final/netty-codec-4.1.86.Final.jar:/home/ifjolla/.m2/repository/io/netty/netty-handler-proxy/4.1.86.Final/netty-handler-proxy-4.1.86.Final.jar:/home/ifjolla/.m2/repository/io/netty/netty-codec-socks/4.1.86.Final/netty-codec-socks-4.1.86.Final.jar:/home/ifjolla/.m2/repository/io/netty/netty-codec-http/4.1.86.Final/netty-codec-http-4.1.86.Final.jar:/home/ifjolla/.m2/repository/io/netty/netty-codec-http2/4.1.86.Final/netty-codec-http2-4.1.86.Final.jar:/home/ifjolla/.m2/repository/io/netty/netty-resolver/4.1.86.Final/netty-resolver-4.1.86.Final.jar:/home/ifjolla/.m2/repository/io/netty/netty-resolver-dns/4.1.86.Final/netty-resolver-dns-4.1.86.Final.jar:/home/ifjolla/.m2/repository/io/netty/netty-codec-dns/4.1.86.Final/netty-codec-dns-4.1.86.Final.jar:/home/ifjolla/.m2/repository/io/quarkus/quarkus-arc/2.16.0.Final/quarkus-arc-2.16.0.Final.jar:/home/ifjolla/.m2/repository/io/quarkus/arc/arc-processor/2.16.0.Final/arc-processor-2.16.0.Final.jar:/home/ifjolla/.m2/repository/org/jboss/logging/jboss-logging/3.5.0.Final/jboss-logging-3.5.0.Final.jar:/home/ifjolla/.m2/repository/jakarta/annotation/jakarta.annotation-api/1.3.5/jakarta.annotation-api-1.3.5.jar:/home/ifjolla/.m2/repository/io/quarkus/quarkus-rest-client-reactive-deployment/2.16.0.Final/quarkus-rest-client-reactive-deployment-2.16.0.Final.jar:/home/ifjolla/.m2/repository/io/quarkus/quarkus-rest-client-reactive/2.16.0.Final/quarkus-rest-client-reactive-2.16.0.Final.jar:/home/ifjolla/.m2/repository/io/quarkus/quarkus-jaxrs-client-reactive/2.16.0.Final/quarkus-jaxrs-client-reactive-2.16.0.Final.jar:/home/ifjolla/.m2/repository/io/quarkus/quarkus-vertx/2.16.0.Final/quarkus-vertx-2.16.0.Final.jar:/home/ifjolla/.m2/repository/io/quarkus/quarkus-netty/2.16.0.Final/quarkus-netty-2.16.0.Final.jar:/home/ifjolla/.m2/repository/com/aayushatharva/brotli4j/brotli4j/1.8.0/brotli4j-1.8.0.jar:/home/ifjolla/.m2/repository/com/aayushatharva/brotli4j/native-linux-x86_64/1.8.0/native-linux-x86_64-1.8.0.jar:/home/ifjolla/.m2/repository/io/netty/netty-codec-haproxy/4.1.86.Final/netty-codec-haproxy-4.1.86.Final.jar:/home/ifjolla/.m2/repository/io/quarkus/quarkus-vertx-latebound-mdc-provider/2.16.0.Final/quarkus-vertx-latebound-mdc-provider-2.16.0.Final.jar:/home/ifjolla/.m2/repository/io/smallrye/smallrye-fault-tolerance-vertx/5.6.0/smallrye-fault-tolerance-vertx-5.6.0.jar:/home/ifjolla/.m2/repository/io/quarkus/resteasy/reactive/resteasy-reactive-client/2.16.0.Final/resteasy-reactive-client-2.16.0.Final.jar:/home/ifjolla/.m2/repository/io/vertx/vertx-web-client/4.3.7/vertx-web-client-4.3.7.jar:/home/ifjolla/.m2/repository/io/vertx/vertx-uri-template/4.3.7/vertx-uri-template-4.3.7.jar:/home/ifjolla/.m2/repository/io/quarkus/quarkus-smallrye-stork/2.16.0.Final/quarkus-smallrye-stork-2.16.0.Final.jar:/home/ifjolla/.m2/repository/io/quarkus/quarkus-rest-client-config/2.16.0.Final/quarkus-rest-client-config-2.16.0.Final.jar:/home/ifjolla/.m2/repository/io/smallrye/stork/stork-api/1.4.1/stork-api-1.4.1.jar:/home/ifjolla/.m2/repository/io/smallrye/stork/stork-core/1.4.1/stork-core-1.4.1.jar:/home/ifjolla/.m2/repository/org/eclipse/microprofile/rest/client/microprofile-rest-client-api/2.0/microprofile-rest-client-api-2.0.jar:/home/ifjolla/.m2/repository/io/quarkus/quarkus-jaxrs-client-reactive-deployment/2.16.0.Final/quarkus-jaxrs-client-reactive-deployment-2.16.0.Final.jar:/home/ifjolla/.m2/repository/io/quarkus/resteasy/reactive/resteasy-reactive-client-processor/2.16.0.Final/resteasy-reactive-client-processor-2.16.0.Final.jar:/home/ifjolla/.m2/repository/io/quarkus/quarkus-vertx-deployment/2.16.0.Final/quarkus-vertx-deployment-2.16.0.Final.jar:/home/ifjolla/.m2/repository/io/quarkus/quarkus-netty-deployment/2.16.0.Final/quarkus-netty-deployment-2.16.0.Final.jar:/home/ifjolla/.m2/repository/io/quarkus/quarkus-resteasy-reactive-spi-deployment/2.16.0.Final/quarkus-resteasy-reactive-spi-deployment-2.16.0.Final.jar:/home/ifjolla/.m2/repository/io/quarkus/quarkus-smallrye-stork-deployment/2.16.0.Final/quarkus-smallrye-stork-deployment-2.16.0.Final.jar:/home/ifjolla/.m2/repository/io/quarkus/quarkus-rest-client-config-deployment/2.16.0.Final/quarkus-rest-client-config-deployment-2.16.0.Final.jar:/home/ifjolla/.m2/repository/io/quarkus/quarkus-rest-client-reactive-jackson-deployment/2.16.0.Final/quarkus-rest-client-reactive-jackson-deployment-2.16.0.Final.jar:/home/ifjolla/.m2/repository/io/quarkus/quarkus-resteasy-reactive-jackson-common-deployment/2.16.0.Final/quarkus-resteasy-reactive-jackson-common-deployment-2.16.0.Final.jar:/home/ifjolla/.m2/repository/io/quarkus/quarkus-jackson-deployment/2.16.0.Final/quarkus-jackson-deployment-2.16.0.Final.jar:/home/ifjolla/.m2/repository/io/quarkus/quarkus-jackson-spi/2.16.0.Final/quarkus-jackson-spi-2.16.0.Final.jar:/home/ifjolla/.m2/repository/io/quarkus/quarkus-jackson/2.16.0.Final/quarkus-jackson-2.16.0.Final.jar:/home/ifjolla/.m2/repository/com/fasterxml/jackson/datatype/jackson-datatype-jsr310/2.14.1/jackson-datatype-jsr310-2.14.1.jar:/home/ifjolla/.m2/repository/com/fasterxml/jackson/datatype/jackson-datatype-jdk8/2.14.1/jackson-datatype-jdk8-2.14.1.jar:/home/ifjolla/.m2/repository/com/fasterxml/jackson/module/jackson-module-parameter-names/2.14.1/jackson-module-parameter-names-2.14.1.jar:/home/ifjolla/.m2/repository/io/quarkus/quarkus-resteasy-reactive-jackson-common/2.16.0.Final/quarkus-resteasy-reactive-jackson-common-2.16.0.Final.jar:/home/ifjolla/.m2/repository/io/quarkus/quarkus-rest-client-reactive-jackson/2.16.0.Final/quarkus-rest-client-reactive-jackson-2.16.0.Final.jar:/home/ifjolla/.m2/repository/io/quarkus/resteasy/reactive/resteasy-reactive-jackson/2.16.0.Final/resteasy-reactive-jackson-2.16.0.Final.jar:/home/ifjolla/.m2/repository/org/jboss/spec/javax/xml/bind/jboss-jaxb-api_2.3_spec/2.0.0.Final/jboss-jaxb-api_2.3_spec-2.0.0.Final.jar:/home/ifjolla/.m2/repository/io/quarkus/quarkus-resteasy-reactive-deployment/2.16.0.Final/quarkus-resteasy-reactive-deployment-2.16.0.Final.jar:/home/ifjolla/.m2/repository/io/quarkus/resteasy/reactive/resteasy-reactive-processor/2.16.0.Final/resteasy-reactive-processor-2.16.0.Final.jar:/home/ifjolla/.m2/repository/io/quarkus/resteasy/reactive/resteasy-reactive/2.16.0.Final/resteasy-reactive-2.16.0.Final.jar:/home/ifjolla/.m2/repository/io/quarkus/resteasy/reactive/resteasy-reactive-common/2.16.0.Final/resteasy-reactive-common-2.16.0.Final.jar:/home/ifjolla/.m2/repository/io/quarkus/resteasy/reactive/resteasy-reactive-common-types/2.16.0.Final/resteasy-reactive-common-types-2.16.0.Final.jar:/home/ifjolla/.m2/repository/io/quarkus/resteasy/reactive/resteasy-reactive-common-processor/2.16.0.Final/resteasy-reactive-common-processor-2.16.0.Final.jar:/home/ifjolla/.m2/repository/org/jboss/spec/javax/ws/rs/jboss-jaxrs-api_2.1_spec/2.0.1.Final/jboss-jaxrs-api_2.1_spec-2.0.1.Final.jar:/home/ifjolla/.m2/repository/io/quarkus/quarkus-vertx-http-deployment/2.16.0.Final/quarkus-vertx-http-deployment-2.16.0.Final.jar:/home/ifjolla/.m2/repository/io/quarkus/quarkus-vertx-http/2.16.0.Final/quarkus-vertx-http-2.16.0.Final.jar:/home/ifjolla/.m2/repository/io/quarkus/quarkus-security-runtime-spi/2.16.0.Final/quarkus-security-runtime-spi-2.16.0.Final.jar:/home/ifjolla/.m2/repository/io/quarkus/quarkus-credentials/2.16.0.Final/quarkus-credentials-2.16.0.Final.jar:/home/ifjolla/.m2/repository/io/quarkus/quarkus-mutiny/2.16.0.Final/quarkus-mutiny-2.16.0.Final.jar:/home/ifjolla/.m2/repository/io/quarkus/quarkus-smallrye-context-propagation/2.16.0.Final/quarkus-smallrye-context-propagation-2.16.0.Final.jar:/home/ifjolla/.m2/repository/io/smallrye/smallrye-context-propagation/1.2.2/smallrye-context-propagation-1.2.2.jar:/home/ifjolla/.m2/repository/io/smallrye/smallrye-context-propagation-api/1.2.2/smallrye-context-propagation-api-1.2.2.jar:/home/ifjolla/.m2/repository/io/smallrye/smallrye-context-propagation-storage/1.2.2/smallrye-context-propagation-storage-1.2.2.jar:/home/ifjolla/.m2/repository/io/smallrye/reactive/mutiny-smallrye-context-propagation/1.8.0/mutiny-smallrye-context-propagation-1.8.0.jar:/home/ifjolla/.m2/repository/io/smallrye/common/smallrye-common-vertx-context/1.13.2/smallrye-common-vertx-context-1.13.2.jar:/home/ifjolla/.m2/repository/io/smallrye/common/smallrye-common-constraint/1.13.2/smallrye-common-constraint-1.13.2.jar:/home/ifjolla/.m2/repository/io/smallrye/reactive/smallrye-mutiny-vertx-web/2.30.1/smallrye-mutiny-vertx-web-2.30.1.jar:/home/ifjolla/.m2/repository/io/smallrye/reactive/smallrye-mutiny-vertx-web-common/2.30.1/smallrye-mutiny-vertx-web-common-2.30.1.jar:/home/ifjolla/.m2/repository/io/smallrye/reactive/smallrye-mutiny-vertx-auth-common/2.30.1/smallrye-mutiny-vertx-auth-common-2.30.1.jar:/home/ifjolla/.m2/repository/io/smallrye/reactive/smallrye-mutiny-vertx-bridge-common/2.30.1/smallrye-mutiny-vertx-bridge-common-2.30.1.jar:/home/ifjolla/.m2/repository/io/smallrye/reactive/smallrye-mutiny-vertx-uri-template/2.30.1/smallrye-mutiny-vertx-uri-template-2.30.1.jar:/home/ifjolla/.m2/repository/io/github/crac/org-crac/0.1.3/org-crac-0.1.3.jar:/home/ifjolla/.m2/repository/io/quarkus/quarkus-vertx-http-deployment-spi/2.16.0.Final/quarkus-vertx-http-deployment-spi-2.16.0.Final.jar:/home/ifjolla/.m2/repository/io/quarkus/quarkus-mutiny-deployment/2.16.0.Final/quarkus-mutiny-deployment-2.16.0.Final.jar:/home/ifjolla/.m2/repository/io/quarkus/quarkus-smallrye-context-propagation-deployment/2.16.0.Final/quarkus-smallrye-context-propagation-deployment-2.16.0.Final.jar:/home/ifjolla/.m2/repository/io/quarkus/quarkus-kubernetes-spi/2.16.0.Final/quarkus-kubernetes-spi-2.16.0.Final.jar:/home/ifjolla/.m2/repository/io/quarkus/qute/qute-core/2.16.0.Final/qute-core-2.16.0.Final.jar:/home/ifjolla/.m2/repository/org/yaml/snakeyaml/1.33/snakeyaml-1.33.jar:/home/ifjolla/.m2/repository/com/fasterxml/jackson/core/jackson-databind/2.14.1/jackson-databind-2.14.1.jar:/home/ifjolla/.m2/repository/com/fasterxml/jackson/core/jackson-annotations/2.14.1/jackson-annotations-2.14.1.jar:/home/ifjolla/.m2/repository/com/fasterxml/jackson/core/jackson-core/2.14.1/jackson-core-2.14.1.jar:/home/ifjolla/.m2/repository/io/quarkus/quarkus-resteasy-reactive/2.16.0.Final/quarkus-resteasy-reactive-2.16.0.Final.jar:/home/ifjolla/.m2/repository/io/quarkus/quarkus-resteasy-reactive-common/2.16.0.Final/quarkus-resteasy-reactive-common-2.16.0.Final.jar:/home/ifjolla/.m2/repository/io/quarkus/resteasy/reactive/resteasy-reactive-vertx/2.16.0.Final/resteasy-reactive-vertx-2.16.0.Final.jar:/home/ifjolla/.m2/repository/io/smallrye/reactive/smallrye-mutiny-vertx-core/2.30.1/smallrye-mutiny-vertx-core-2.30.1.jar:/home/ifjolla/.m2/repository/io/smallrye/reactive/smallrye-mutiny-vertx-runtime/2.30.1/smallrye-mutiny-vertx-runtime-2.30.1.jar:/home/ifjolla/.m2/repository/io/smallrye/reactive/vertx-mutiny-generator/2.30.1/vertx-mutiny-generator-2.30.1.jar:/home/ifjolla/.m2/repository/io/vertx/vertx-codegen/4.3.7/vertx-codegen-4.3.7.jar:/home/ifjolla/.m2/repository/io/quarkus/quarkus-jsonp/2.16.0.Final/quarkus-jsonp-2.16.0.Final.jar:/home/ifjolla/.m2/repository/org/glassfish/jakarta.json/1.1.6/jakarta.json-1.1.6.jar:/home/ifjolla/.m2/repository/io/quarkus/quarkus-resteasy-reactive-server-spi-deployment/2.16.0.Final/quarkus-resteasy-reactive-server-spi-deployment-2.16.0.Final.jar:/home/ifjolla/.m2/repository/io/quarkus/quarkus-jaxrs-spi-deployment/2.16.0.Final/quarkus-jaxrs-spi-deployment-2.16.0.Final.jar:/home/ifjolla/.m2/repository/io/quarkus/quarkus-security-spi/2.16.0.Final/quarkus-security-spi-2.16.0.Final.jar:/home/ifjolla/.m2/repository/io/quarkus/security/quarkus-security/1.1.4.Final/quarkus-security-1.1.4.Final.jar:/home/ifjolla/.m2/repository/io/quarkus/quarkus-jsonp-deployment/2.16.0.Final/quarkus-jsonp-deployment-2.16.0.Final.jar:/home/ifjolla/.m2/repository/io/quarkus/quarkus-resteasy-reactive-common-deployment/2.16.0.Final/quarkus-resteasy-reactive-common-deployment-2.16.0.Final.jar:/home/ifjolla/.m2/repository/io/quarkus/quarkus-resteasy-reactive-jackson-deployment/2.16.0.Final/quarkus-resteasy-reactive-jackson-deployment-2.16.0.Final.jar:/home/ifjolla/.m2/repository/io/quarkus/quarkus-resteasy-reactive-jackson/2.16.0.Final/quarkus-resteasy-reactive-jackson-2.16.0.Final.jar:/home/ifjolla/Documents/QuarkusExtensions/Pokedex/pokedex-client/runtime/target/pokedex-client-1.0.0-SNAPSHOT.jar:/home/ifjolla/.m2/repository/io/quarkus/quarkus-junit5-internal/2.16.0.Final/quarkus-junit5-internal-2.16.0.Final.jar:/home/ifjolla/.m2/repository/org/jboss/shrinkwrap/shrinkwrap-api/1.2.6/shrinkwrap-api-1.2.6.jar:/home/ifjolla/.m2/repository/org/jboss/shrinkwrap/shrinkwrap-spi/1.2.6/shrinkwrap-spi-1.2.6.jar:/home/ifjolla/.m2/repository/org/jboss/shrinkwrap/shrinkwrap-impl-base/1.2.6/shrinkwrap-impl-base-1.2.6.jar:/home/ifjolla/.m2/repository/org/junit/jupiter/junit-jupiter-api/5.9.1/junit-jupiter-api-5.9.1.jar:/home/ifjolla/.m2/repository/org/opentest4j/opentest4j/1.2.0/opentest4j-1.2.0.jar:/home/ifjolla/.m2/repository/org/junit/platform/junit-platform-commons/1.9.1/junit-platform-commons-1.9.1.jar:/home/ifjolla/.m2/repository/org/apiguardian/apiguardian-api/1.1.2/apiguardian-api-1.1.2.jar:/home/ifjolla/.m2/repository/org/junit/jupiter/junit-jupiter-params/5.9.1/junit-jupiter-params-5.9.1.jar:/home/ifjolla/.m2/repository/org/junit/jupiter/junit-jupiter-engine/5.9.1/junit-jupiter-engine-5.9.1.jar:/home/ifjolla/.m2/repository/org/junit/platform/junit-platform-engine/1.9.1/junit-platform-engine-1.9.1.jar:/home/ifjolla/.m2/repository/io/quarkus/quarkus-core/2.16.0.Final/quarkus-core-2.16.0.Final.jar:/home/ifjolla/.m2/repository/jakarta/inject/jakarta.inject-api/1.0/jakarta.inject-api-1.0.jar:/home/ifjolla/.m2/repository/io/quarkus/quarkus-ide-launcher/2.16.0.Final/quarkus-ide-launcher-2.16.0.Final.jar:/home/ifjolla/.m2/repository/io/smallrye/config/smallrye-config/2.13.1/smallrye-config-2.13.1.jar:/home/ifjolla/.m2/repository/io/smallrye/config/smallrye-config-core/2.13.1/smallrye-config-core-2.13.1.jar:/home/ifjolla/.m2/repository/org/eclipse/microprofile/config/microprofile-config-api/2.0.1/microprofile-config-api-2.0.1.jar:/home/ifjolla/.m2/repository/io/smallrye/common/smallrye-common-expression/1.13.2/smallrye-common-expression-1.13.2.jar:/home/ifjolla/.m2/repository/io/smallrye/common/smallrye-common-function/1.13.2/smallrye-common-function-1.13.2.jar:/home/ifjolla/.m2/repository/io/smallrye/common/smallrye-common-classloader/1.13.2/smallrye-common-classloader-1.13.2.jar:/home/ifjolla/.m2/repository/io/smallrye/config/smallrye-config-common/2.13.1/smallrye-config-common-2.13.1.jar:/home/ifjolla/.m2/repository/org/jboss/logmanager/jboss-logmanager-embedded/1.0.11/jboss-logmanager-embedded-1.0.11.jar:/home/ifjolla/.m2/repository/org/jboss/logging/jboss-logging-annotations/2.2.1.Final/jboss-logging-annotations-2.2.1.Final.jar:/home/ifjolla/.m2/repository/org/jboss/threads/jboss-threads/3.4.3.Final/jboss-threads-3.4.3.Final.jar:/home/ifjolla/.m2/repository/org/slf4j/slf4j-api/1.7.36/slf4j-api-1.7.36.jar:/home/ifjolla/.m2/repository/org/jboss/slf4j/slf4j-jboss-logmanager/1.2.0.Final/slf4j-jboss-logmanager-1.2.0.Final.jar:/home/ifjolla/.m2/repository/io/quarkus/quarkus-bootstrap-runner/2.16.0.Final/quarkus-bootstrap-runner-2.16.0.Final.jar:/home/ifjolla/.m2/repository/io/quarkus/quarkus-fs-util/0.0.9/quarkus-fs-util-0.0.9.jar:/home/ifjolla/.m2/repository/io/quarkus/quarkus-test-common/2.16.0.Final/quarkus-test-common-2.16.0.Final.jar:/home/ifjolla/.m2/repository/io/quarkus/quarkus-bootstrap-maven-resolver/2.16.0.Final/quarkus-bootstrap-maven-resolver-2.16.0.Final.jar:/home/ifjolla/.m2/repository/org/apache/maven/maven-embedder/3.8.6/maven-embedder-3.8.6.jar:/home/ifjolla/.m2/repository/org/apache/maven/maven-settings/3.8.6/maven-settings-3.8.6.jar:/home/ifjolla/.m2/repository/org/apache/maven/maven-core/3.8.6/maven-core-3.8.6.jar:/home/ifjolla/.m2/repository/org/apache/maven/maven-artifact/3.8.6/maven-artifact-3.8.6.jar:/home/ifjolla/.m2/repository/org/codehaus/plexus/plexus-component-annotations/2.1.0/plexus-component-annotations-2.1.0.jar:/home/ifjolla/.m2/repository/org/apache/maven/maven-plugin-api/3.8.6/maven-plugin-api-3.8.6.jar:/home/ifjolla/.m2/repository/org/apache/maven/maven-model/3.8.6/maven-model-3.8.6.jar:/home/ifjolla/.m2/repository/org/apache/maven/maven-model-builder/3.8.6/maven-model-builder-3.8.6.jar:/home/ifjolla/.m2/repository/org/apache/maven/maven-builder-support/3.8.6/maven-builder-support-3.8.6.jar:/home/ifjolla/.m2/repository/org/apache/maven/resolver/maven-resolver-api/1.6.3/maven-resolver-api-1.6.3.jar:/home/ifjolla/.m2/repository/org/apache/maven/resolver/maven-resolver-util/1.6.3/maven-resolver-util-1.6.3.jar:/home/ifjolla/.m2/repository/org/apache/maven/shared/maven-shared-utils/3.3.4/maven-shared-utils-3.3.4.jar:/home/ifjolla/.m2/repository/commons-io/commons-io/2.11.0/commons-io-2.11.0.jar:/home/ifjolla/.m2/repository/com/google/inject/guice/4.2.2/guice-4.2.2-no_aop.jar:/home/ifjolla/.m2/repository/com/google/guava/guava/31.1-jre/guava-31.1-jre.jar:/home/ifjolla/.m2/repository/com/google/guava/failureaccess/1.0.1/failureaccess-1.0.1.jar:/home/ifjolla/.m2/repository/org/codehaus/plexus/plexus-classworlds/2.6.0/plexus-classworlds-2.6.0.jar:/home/ifjolla/.m2/repository/org/codehaus/plexus/plexus-sec-dispatcher/2.0/plexus-sec-dispatcher-2.0.jar:/home/ifjolla/.m2/repository/org/codehaus/plexus/plexus-cipher/2.0/plexus-cipher-2.0.jar:/home/ifjolla/.m2/repository/commons-cli/commons-cli/1.4/commons-cli-1.4.jar:/home/ifjolla/.m2/repository/org/eclipse/sisu/org.eclipse.sisu.plexus/0.3.5/org.eclipse.sisu.plexus-0.3.5.jar:/home/ifjolla/.m2/repository/org/apache/maven/maven-settings-builder/3.8.6/maven-settings-builder-3.8.6.jar:/home/ifjolla/.m2/repository/org/codehaus/plexus/plexus-interpolation/1.26/plexus-interpolation-1.26.jar:/home/ifjolla/.m2/repository/org/apache/maven/maven-resolver-provider/3.8.6/maven-resolver-provider-3.8.6.jar:/home/ifjolla/.m2/repository/org/apache/maven/maven-repository-metadata/3.8.6/maven-repository-metadata-3.8.6.jar:/home/ifjolla/.m2/repository/org/apache/maven/resolver/maven-resolver-spi/1.6.3/maven-resolver-spi-1.6.3.jar:/home/ifjolla/.m2/repository/org/apache/maven/resolver/maven-resolver-impl/1.6.3/maven-resolver-impl-1.6.3.jar:/home/ifjolla/.m2/repository/org/codehaus/plexus/plexus-utils/3.3.0/plexus-utils-3.3.0.jar:/home/ifjolla/.m2/repository/org/apache/maven/resolver/maven-resolver-connector-basic/1.6.3/maven-resolver-connector-basic-1.6.3.jar:/home/ifjolla/.m2/repository/org/apache/maven/resolver/maven-resolver-transport-wagon/1.6.3/maven-resolver-transport-wagon-1.6.3.jar:/home/ifjolla/.m2/repository/org/apache/maven/wagon/wagon-http/3.5.1/wagon-http-3.5.1.jar:/home/ifjolla/.m2/repository/org/apache/maven/wagon/wagon-http-shared/3.5.1/wagon-http-shared-3.5.1.jar:/home/ifjolla/.m2/repository/org/apache/httpcomponents/httpclient/4.5.14/httpclient-4.5.14.jar:/home/ifjolla/.m2/repository/commons-codec/commons-codec/1.15/commons-codec-1.15.jar:/home/ifjolla/.m2/repository/org/apache/httpcomponents/httpcore/4.4.16/httpcore-4.4.16.jar:/home/ifjolla/.m2/repository/org/apache/maven/wagon/wagon-provider-api/3.5.1/wagon-provider-api-3.5.1.jar:/home/ifjolla/.m2/repository/org/apache/maven/wagon/wagon-file/3.5.1/wagon-file-3.5.1.jar:/home/ifjolla/.m2/repository/io/quarkus/quarkus-bootstrap-gradle-resolver/2.16.0.Final/quarkus-bootstrap-gradle-resolver-2.16.0.Final.jar:/home/ifjolla/.m2/repository/org/jboss/logging/commons-logging-jboss-logging/1.0.0.Final/commons-logging-jboss-logging-1.0.0.Final.jar:/home/ifjolla/.m2/repository/jakarta/enterprise/jakarta.enterprise.cdi-api/2.0.2/jakarta.enterprise.cdi-api-2.0.2.jar:/home/ifjolla/.m2/repository/jakarta/el/jakarta.el-api/3.0.3/jakarta.el-api-3.0.3.jar:/home/ifjolla/.m2/repository/jakarta/interceptor/jakarta.interceptor-api/1.2.5/jakarta.interceptor-api-1.2.5.jar:/home/ifjolla/.m2/repository/io/quarkus/quarkus-devtools-utilities/2.16.0.Final/quarkus-devtools-utilities-2.16.0.Final.jar:/home/ifjolla/.m2/repository/org/awaitility/awaitility/4.2.0/awaitility-4.2.0.jar:/home/ifjolla/.m2/repository/org/hamcrest/hamcrest/2.1/hamcrest-2.1.jar:"/>
    <property name="sun.cpu.endian" value="little"/>
    <property name="user.home" value="/home/ifjolla"/>
    <property name="user.language" value="en"/>
    <property name="vertxweb.environment" value="dev"/>
    <property name="java.specification.vendor" value="Oracle Corporation"/>
    <property name="java.version.date" value="2022-08-12"/>
    <property name="java.home" value="/usr/lib/jvm/java-11-openjdk-11.0.16.1.1-1.el8_6.x86_64"/>
    <property name="file.separator" value="/"/>
    <property name="maven.repo" value="/home/ifjolla/.m2/repository"/>
    <property name="basedir" value="/home/ifjolla/Documents/QuarkusExtensions/Pokedex/pokedex-client/deployment"/>
    <property name="java.vm.compressedOopsMode" value="Zero based"/>
    <property name="line.separator" value="&#10;"/>
    <property name="java.specification.name" value="Java Platform API Specification"/>
    <property name="java.vm.specification.vendor" value="Oracle Corporation"/>
    <property name="java.awt.graphicsenv" value="sun.awt.X11GraphicsEnvironment"/>
    <property name="java.nio.channels.DefaultThreadPool.threadFactory" value="io.quarkus.dev.io.NioThreadPoolThreadFactory"/>
    <property name="surefire.real.class.path" value="/home/ifjolla/Documents/QuarkusExtensions/Pokedex/pokedex-client/deployment/target/surefire/surefirebooter-20230127110926284_3.jar"/>
    <property name="sun.management.compiler" value="HotSpot 64-Bit Tiered Compilers"/>
    <property name="java.runtime.version" value="11.0.16.1+1-LTS"/>
    <property name="user.name" value="ifjolla"/>
    <property name="path.separator" value=":"/>
    <property name="os.version" value="4.18.0-372.9.1.el8.x86_64"/>
    <property name="java.runtime.name" value="OpenJDK Runtime Environment"/>
    <property name="file.encoding" value="UTF-8"/>
    <property name="java.vm.name" value="OpenJDK 64-Bit Server VM"/>
    <property name="java.vendor.version" value="(Red_Hat-11.0.16.1.1-1.el8_6)"/>
    <property name="localRepository" value="/home/ifjolla/.m2/repository"/>
    <property name="java.vendor.url.bug" value="https://bugzilla.redhat.com/enter_bug.cgi?product=Red%20Hat%20Enterprise%20Linux%208&amp;component=java-11-openjdk"/>
    <property name="java.io.tmpdir" value="/tmp"/>
    <property name="quarkus.log.file.path" value="target/quarkus.log"/>
    <property name="java.version" value="11.0.16.1"/>
    <property name="user.dir" value="/home/ifjolla/Documents/QuarkusExtensions/Pokedex/pokedex-client/deployment"/>
    <property name="os.arch" value="amd64"/>
    <property name="java.vm.specification.name" value="Java Virtual Machine Specification"/>
    <property name="java.awt.printerjob" value="sun.print.PSPrinterJob"/>
    <property name="sun.os.patch.level" value="unknown"/>
    <property name="java.util.logging.manager" value="org.jboss.logmanager.LogManager"/>
    <property name="java.library.path" value="/usr/java/packages/lib:/usr/lib64:/lib64:/lib:/usr/lib"/>
    <property name="java.vm.info" value="mixed mode, sharing"/>
    <property name="java.vendor" value="Red Hat, Inc."/>
    <property name="vertx.disableTCCL" value="true"/>
    <property name="java.vm.version" value="11.0.16.1+1-LTS"/>
    <property name="sun.io.unicode.encoding" value="UnicodeLittle"/>
    <property name="java.class.version" value="55.0"/>
  </properties>
  <testcase name="writeYourOwnDevModeTest" classname="quarkiverse.pokedex.client.test.PokedexClientDevModeTest" time="3.234">
    <error message="io.quarkus.builder.BuildException: Build failure: Build failed due to errors&#10;	[error]: Build step io.quarkus.arc.deployment.ArcProcessor#validate threw an exception: javax.enterprise.inject.spi.DeploymentException: javax.enterprise.inject.UnsatisfiedResolutionException: Unsatisfied dependency for type quarkiverse.pokedex.client.runtime.rest.PokeRestClientBlocking and qualifiers [@RestClient]&#10;	- java member: quarkiverse.pokedex.client.runtime.PokeClient#pokeRestClientBlocking&#10;	- declared on CLASS bean [types=[quarkiverse.pokedex.client.runtime.PokeClient, java.lang.Object], qualifiers=[@Default, @Any], target=quarkiverse.pokedex.client.runtime.PokeClient]&#10;	at io.quarkus.arc.processor.BeanDeployment.processErrors(BeanDeployment.java:1223)&#10;	at io.quarkus.arc.processor.BeanDeployment.init(BeanDeployment.java:288)&#10;	at io.quarkus.arc.processor.BeanProcessor.initialize(BeanProcessor.java:148)&#10;	at io.quarkus.arc.deployment.ArcProcessor.validate(ArcProcessor.java:526)&#10;	at java.base/jdk.internal.reflect.NativeMethodAccessorImpl.invoke0(Native Method)&#10;	at java.base/jdk.internal.reflect.NativeMethodAccessorImpl.invoke(NativeMethodAccessorImpl.java:62)&#10;	at java.base/jdk.internal.reflect.DelegatingMethodAccessorImpl.invoke(DelegatingMethodAccessorImpl.java:43)&#10;	at java.base/java.lang.reflect.Method.invoke(Method.java:566)&#10;	at io.quarkus.deployment.ExtensionLoader$3.execute(ExtensionLoader.java:909)&#10;	at io.quarkus.builder.BuildContext.run(BuildContext.java:281)&#10;	at org.jboss.threads.ContextHandler$1.runWith(ContextHandler.java:18)&#10;	at org.jboss.threads.EnhancedQueueExecutor$Task.run(EnhancedQueueExecutor.java:2449)&#10;	at org.jboss.threads.EnhancedQueueExecutor$ThreadBody.run(EnhancedQueueExecutor.java:1478)&#10;	at java.base/java.lang.Thread.run(Thread.java:829)&#10;	at org.jboss.threads.JBossThread.run(JBossThread.java:501)&#10;Caused by: javax.enterprise.inject.UnsatisfiedResolutionException: Unsatisfied dependency for type quarkiverse.pokedex.client.runtime.rest.PokeRestClientBlocking and qualifiers [@RestClient]&#10;	- java member: quarkiverse.pokedex.client.runtime.PokeClient#pokeRestClientBlocking&#10;	- declared on CLASS bean [types=[quarkiverse.pokedex.client.runtime.PokeClient, java.lang.Object], qualifiers=[@Default, @Any], target=quarkiverse.pokedex.client.runtime.PokeClient]&#10;	at io.quarkus.arc.processor.Beans.resolveInjectionPoint(Beans.java:440)&#10;	at io.quarkus.arc.processor.BeanInfo.init(BeanInfo.java:539)&#10;	at io.quarkus.arc.processor.BeanDeployment.init(BeanDeployment.java:276)&#10;	... 13 more&#10;" type="java.lang.RuntimeException"><![CDATA[java.lang.RuntimeException: 
io.quarkus.builder.BuildException: Build failure: Build failed due to errors
	[error]: Build step io.quarkus.arc.deployment.ArcProcessor#validate threw an exception: javax.enterprise.inject.spi.DeploymentException: javax.enterprise.inject.UnsatisfiedResolutionException: Unsatisfied dependency for type quarkiverse.pokedex.client.runtime.rest.PokeRestClientBlocking and qualifiers [@RestClient]
	- java member: quarkiverse.pokedex.client.runtime.PokeClient#pokeRestClientBlocking
	- declared on CLASS bean [types=[quarkiverse.pokedex.client.runtime.PokeClient, java.lang.Object], qualifiers=[@Default, @Any], target=quarkiverse.pokedex.client.runtime.PokeClient]
	at io.quarkus.arc.processor.BeanDeployment.processErrors(BeanDeployment.java:1223)
	at io.quarkus.arc.processor.BeanDeployment.init(BeanDeployment.java:288)
	at io.quarkus.arc.processor.BeanProcessor.initialize(BeanProcessor.java:148)
	at io.quarkus.arc.deployment.ArcProcessor.validate(ArcProcessor.java:526)
	at java.base/jdk.internal.reflect.NativeMethodAccessorImpl.invoke0(Native Method)
	at java.base/jdk.internal.reflect.NativeMethodAccessorImpl.invoke(NativeMethodAccessorImpl.java:62)
	at java.base/jdk.internal.reflect.DelegatingMethodAccessorImpl.invoke(DelegatingMethodAccessorImpl.java:43)
	at java.base/java.lang.reflect.Method.invoke(Method.java:566)
	at io.quarkus.deployment.ExtensionLoader$3.execute(ExtensionLoader.java:909)
	at io.quarkus.builder.BuildContext.run(BuildContext.java:281)
	at org.jboss.threads.ContextHandler$1.runWith(ContextHandler.java:18)
	at org.jboss.threads.EnhancedQueueExecutor$Task.run(EnhancedQueueExecutor.java:2449)
	at org.jboss.threads.EnhancedQueueExecutor$ThreadBody.run(EnhancedQueueExecutor.java:1478)
	at java.base/java.lang.Thread.run(Thread.java:829)
	at org.jboss.threads.JBossThread.run(JBossThread.java:501)
Caused by: javax.enterprise.inject.UnsatisfiedResolutionException: Unsatisfied dependency for type quarkiverse.pokedex.client.runtime.rest.PokeRestClientBlocking and qualifiers [@RestClient]
	- java member: quarkiverse.pokedex.client.runtime.PokeClient#pokeRestClientBlocking
	- declared on CLASS bean [types=[quarkiverse.pokedex.client.runtime.PokeClient, java.lang.Object], qualifiers=[@Default, @Any], target=quarkiverse.pokedex.client.runtime.PokeClient]
	at io.quarkus.arc.processor.Beans.resolveInjectionPoint(Beans.java:440)
	at io.quarkus.arc.processor.BeanInfo.init(BeanInfo.java:539)
	at io.quarkus.arc.processor.BeanDeployment.init(BeanDeployment.java:276)
	... 13 more

	at io.quarkus.runner.bootstrap.AugmentActionImpl.runAugment(AugmentActionImpl.java:335)
	at io.quarkus.runner.bootstrap.AugmentActionImpl.createInitialRuntimeApplication(AugmentActionImpl.java:252)
	at io.quarkus.runner.bootstrap.AugmentActionImpl.createInitialRuntimeApplication(AugmentActionImpl.java:60)
	at io.quarkus.deployment.dev.IsolatedDevModeMain.firstStart(IsolatedDevModeMain.java:86)
	at io.quarkus.deployment.dev.IsolatedDevModeMain.accept(IsolatedDevModeMain.java:447)
	at io.quarkus.deployment.dev.IsolatedDevModeMain.accept(IsolatedDevModeMain.java:59)
	at io.quarkus.bootstrap.app.CuratedApplication.runInCl(CuratedApplication.java:149)
	at io.quarkus.bootstrap.app.CuratedApplication.runInAugmentClassLoader(CuratedApplication.java:104)
	at io.quarkus.deployment.dev.DevModeMain.start(DevModeMain.java:131)
	at io.quarkus.test.QuarkusDevModeTest.beforeEach(QuarkusDevModeTest.java:291)
	at org.junit.jupiter.engine.descriptor.TestMethodTestDescriptor.lambda$invokeBeforeEachCallbacks$2(TestMethodTestDescriptor.java:166)
	at org.junit.jupiter.engine.descriptor.TestMethodTestDescriptor.lambda$invokeBeforeMethodsOrCallbacksUntilExceptionOccurs$6(TestMethodTestDescriptor.java:202)
	at org.junit.platform.engine.support.hierarchical.ThrowableCollector.execute(ThrowableCollector.java:73)
	at org.junit.jupiter.engine.descriptor.TestMethodTestDescriptor.invokeBeforeMethodsOrCallbacksUntilExceptionOccurs(TestMethodTestDescriptor.java:202)
	at org.junit.jupiter.engine.descriptor.TestMethodTestDescriptor.invokeBeforeEachCallbacks(TestMethodTestDescriptor.java:165)
	at org.junit.jupiter.engine.descriptor.TestMethodTestDescriptor.execute(TestMethodTestDescriptor.java:132)
	at org.junit.jupiter.engine.descriptor.TestMethodTestDescriptor.execute(TestMethodTestDescriptor.java:68)
	at org.junit.platform.engine.support.hierarchical.NodeTestTask.lambda$executeRecursively$6(NodeTestTask.java:151)
	at org.junit.platform.engine.support.hierarchical.ThrowableCollector.execute(ThrowableCollector.java:73)
	at org.junit.platform.engine.support.hierarchical.NodeTestTask.lambda$executeRecursively$8(NodeTestTask.java:141)
	at org.junit.platform.engine.support.hierarchical.Node.around(Node.java:137)
	at org.junit.platform.engine.support.hierarchical.NodeTestTask.lambda$executeRecursively$9(NodeTestTask.java:139)
	at org.junit.platform.engine.support.hierarchical.ThrowableCollector.execute(ThrowableCollector.java:73)
	at org.junit.platform.engine.support.hierarchical.NodeTestTask.executeRecursively(NodeTestTask.java:138)
	at org.junit.platform.engine.support.hierarchical.NodeTestTask.execute(NodeTestTask.java:95)
	at java.base/java.util.ArrayList.forEach(ArrayList.java:1541)
	at org.junit.platform.engine.support.hierarchical.SameThreadHierarchicalTestExecutorService.invokeAll(SameThreadHierarchicalTestExecutorService.java:41)
	at org.junit.platform.engine.support.hierarchical.NodeTestTask.lambda$executeRecursively$6(NodeTestTask.java:155)
	at org.junit.platform.engine.support.hierarchical.ThrowableCollector.execute(ThrowableCollector.java:73)
	at org.junit.platform.engine.support.hierarchical.NodeTestTask.lambda$executeRecursively$8(NodeTestTask.java:141)
	at org.junit.platform.engine.support.hierarchical.Node.around(Node.java:137)
	at org.junit.platform.engine.support.hierarchical.NodeTestTask.lambda$executeRecursively$9(NodeTestTask.java:139)
	at org.junit.platform.engine.support.hierarchical.ThrowableCollector.execute(ThrowableCollector.java:73)
	at org.junit.platform.engine.support.hierarchical.NodeTestTask.executeRecursively(NodeTestTask.java:138)
	at org.junit.platform.engine.support.hierarchical.NodeTestTask.execute(NodeTestTask.java:95)
	at java.base/java.util.ArrayList.forEach(ArrayList.java:1541)
	at org.junit.platform.engine.support.hierarchical.SameThreadHierarchicalTestExecutorService.invokeAll(SameThreadHierarchicalTestExecutorService.java:41)
	at org.junit.platform.engine.support.hierarchical.NodeTestTask.lambda$executeRecursively$6(NodeTestTask.java:155)
	at org.junit.platform.engine.support.hierarchical.ThrowableCollector.execute(ThrowableCollector.java:73)
	at org.junit.platform.engine.support.hierarchical.NodeTestTask.lambda$executeRecursively$8(NodeTestTask.java:141)
	at org.junit.platform.engine.support.hierarchical.Node.around(Node.java:137)
	at org.junit.platform.engine.support.hierarchical.NodeTestTask.lambda$executeRecursively$9(NodeTestTask.java:139)
	at org.junit.platform.engine.support.hierarchical.ThrowableCollector.execute(ThrowableCollector.java:73)
	at org.junit.platform.engine.support.hierarchical.NodeTestTask.executeRecursively(NodeTestTask.java:138)
	at org.junit.platform.engine.support.hierarchical.NodeTestTask.execute(NodeTestTask.java:95)
	at org.junit.platform.engine.support.hierarchical.SameThreadHierarchicalTestExecutorService.submit(SameThreadHierarchicalTestExecutorService.java:35)
	at org.junit.platform.engine.support.hierarchical.HierarchicalTestExecutor.execute(HierarchicalTestExecutor.java:57)
	at org.junit.platform.engine.support.hierarchical.HierarchicalTestEngine.execute(HierarchicalTestEngine.java:54)
	at org.junit.platform.launcher.core.EngineExecutionOrchestrator.execute(EngineExecutionOrchestrator.java:147)
	at org.junit.platform.launcher.core.EngineExecutionOrchestrator.execute(EngineExecutionOrchestrator.java:127)
	at org.junit.platform.launcher.core.EngineExecutionOrchestrator.execute(EngineExecutionOrchestrator.java:90)
	at org.junit.platform.launcher.core.EngineExecutionOrchestrator.lambda$execute$0(EngineExecutionOrchestrator.java:55)
	at org.junit.platform.launcher.core.EngineExecutionOrchestrator.withInterceptedStreams(EngineExecutionOrchestrator.java:102)
	at org.junit.platform.launcher.core.EngineExecutionOrchestrator.execute(EngineExecutionOrchestrator.java:54)
	at org.junit.platform.launcher.core.DefaultLauncher.execute(DefaultLauncher.java:114)
	at org.junit.platform.launcher.core.DefaultLauncher.execute(DefaultLauncher.java:86)
	at org.junit.platform.launcher.core.DefaultLauncherSession$DelegatingLauncher.execute(DefaultLauncherSession.java:86)
	at org.apache.maven.surefire.junitplatform.LazyLauncher.execute(LazyLauncher.java:55)
	at org.apache.maven.surefire.junitplatform.JUnitPlatformProvider.execute(JUnitPlatformProvider.java:223)
	at org.apache.maven.surefire.junitplatform.JUnitPlatformProvider.invokeAllTests(JUnitPlatformProvider.java:175)
	at org.apache.maven.surefire.junitplatform.JUnitPlatformProvider.invoke(JUnitPlatformProvider.java:139)
	at org.apache.maven.surefire.booter.ForkedBooter.runSuitesInProcess(ForkedBooter.java:456)
	at org.apache.maven.surefire.booter.ForkedBooter.execute(ForkedBooter.java:169)
	at org.apache.maven.surefire.booter.ForkedBooter.run(ForkedBooter.java:595)
	at org.apache.maven.surefire.booter.ForkedBooter.main(ForkedBooter.java:581)
Caused by: io.quarkus.builder.BuildException: Build failure: Build failed due to errors
	[error]: Build step io.quarkus.arc.deployment.ArcProcessor#validate threw an exception: javax.enterprise.inject.spi.DeploymentException: javax.enterprise.inject.UnsatisfiedResolutionException: Unsatisfied dependency for type quarkiverse.pokedex.client.runtime.rest.PokeRestClientBlocking and qualifiers [@RestClient]
	- java member: quarkiverse.pokedex.client.runtime.PokeClient#pokeRestClientBlocking
	- declared on CLASS bean [types=[quarkiverse.pokedex.client.runtime.PokeClient, java.lang.Object], qualifiers=[@Default, @Any], target=quarkiverse.pokedex.client.runtime.PokeClient]
	at io.quarkus.arc.processor.BeanDeployment.processErrors(BeanDeployment.java:1223)
	at io.quarkus.arc.processor.BeanDeployment.init(BeanDeployment.java:288)
	at io.quarkus.arc.processor.BeanProcessor.initialize(BeanProcessor.java:148)
	at io.quarkus.arc.deployment.ArcProcessor.validate(ArcProcessor.java:526)
	at java.base/jdk.internal.reflect.NativeMethodAccessorImpl.invoke0(Native Method)
	at java.base/jdk.internal.reflect.NativeMethodAccessorImpl.invoke(NativeMethodAccessorImpl.java:62)
	at java.base/jdk.internal.reflect.DelegatingMethodAccessorImpl.invoke(DelegatingMethodAccessorImpl.java:43)
	at java.base/java.lang.reflect.Method.invoke(Method.java:566)
	at io.quarkus.deployment.ExtensionLoader$3.execute(ExtensionLoader.java:909)
	at io.quarkus.builder.BuildContext.run(BuildContext.java:281)
	at org.jboss.threads.ContextHandler$1.runWith(ContextHandler.java:18)
	at org.jboss.threads.EnhancedQueueExecutor$Task.run(EnhancedQueueExecutor.java:2449)
	at org.jboss.threads.EnhancedQueueExecutor$ThreadBody.run(EnhancedQueueExecutor.java:1478)
	at java.base/java.lang.Thread.run(Thread.java:829)
	at org.jboss.threads.JBossThread.run(JBossThread.java:501)
Caused by: javax.enterprise.inject.UnsatisfiedResolutionException: Unsatisfied dependency for type quarkiverse.pokedex.client.runtime.rest.PokeRestClientBlocking and qualifiers [@RestClient]
	- java member: quarkiverse.pokedex.client.runtime.PokeClient#pokeRestClientBlocking
	- declared on CLASS bean [types=[quarkiverse.pokedex.client.runtime.PokeClient, java.lang.Object], qualifiers=[@Default, @Any], target=quarkiverse.pokedex.client.runtime.PokeClient]
	at io.quarkus.arc.processor.Beans.resolveInjectionPoint(Beans.java:440)
	at io.quarkus.arc.processor.BeanInfo.init(BeanInfo.java:539)
	at io.quarkus.arc.processor.BeanDeployment.init(BeanDeployment.java:276)
	... 13 more

	at io.quarkus.builder.Execution.run(Execution.java:123)
	at io.quarkus.builder.BuildExecutionBuilder.execute(BuildExecutionBuilder.java:79)
	at io.quarkus.deployment.QuarkusAugmentor.run(QuarkusAugmentor.java:160)
	at io.quarkus.runner.bootstrap.AugmentActionImpl.runAugment(AugmentActionImpl.java:331)
	... 64 more
Caused by: javax.enterprise.inject.spi.DeploymentException: javax.enterprise.inject.UnsatisfiedResolutionException: Unsatisfied dependency for type quarkiverse.pokedex.client.runtime.rest.PokeRestClientBlocking and qualifiers [@RestClient]
	- java member: quarkiverse.pokedex.client.runtime.PokeClient#pokeRestClientBlocking
	- declared on CLASS bean [types=[quarkiverse.pokedex.client.runtime.PokeClient, java.lang.Object], qualifiers=[@Default, @Any], target=quarkiverse.pokedex.client.runtime.PokeClient]
	at io.quarkus.arc.processor.BeanDeployment.processErrors(BeanDeployment.java:1223)
	at io.quarkus.arc.processor.BeanDeployment.init(BeanDeployment.java:288)
	at io.quarkus.arc.processor.BeanProcessor.initialize(BeanProcessor.java:148)
	at io.quarkus.arc.deployment.ArcProcessor.validate(ArcProcessor.java:526)
	at java.base/jdk.internal.reflect.NativeMethodAccessorImpl.invoke0(Native Method)
	at java.base/jdk.internal.reflect.NativeMethodAccessorImpl.invoke(NativeMethodAccessorImpl.java:62)
	at java.base/jdk.internal.reflect.DelegatingMethodAccessorImpl.invoke(DelegatingMethodAccessorImpl.java:43)
	at java.base/java.lang.reflect.Method.invoke(Method.java:566)
	at io.quarkus.deployment.ExtensionLoader$3.execute(ExtensionLoader.java:909)
	at io.quarkus.builder.BuildContext.run(BuildContext.java:281)
	at org.jboss.threads.ContextHandler$1.runWith(ContextHandler.java:18)
	at org.jboss.threads.EnhancedQueueExecutor$Task.run(EnhancedQueueExecutor.java:2449)
	at org.jboss.threads.EnhancedQueueExecutor$ThreadBody.run(EnhancedQueueExecutor.java:1478)
	at java.base/java.lang.Thread.run(Thread.java:829)
	at org.jboss.threads.JBossThread.run(JBossThread.java:501)
Caused by: javax.enterprise.inject.UnsatisfiedResolutionException: Unsatisfied dependency for type quarkiverse.pokedex.client.runtime.rest.PokeRestClientBlocking and qualifiers [@RestClient]
	- java member: quarkiverse.pokedex.client.runtime.PokeClient#pokeRestClientBlocking
	- declared on CLASS bean [types=[quarkiverse.pokedex.client.runtime.PokeClient, java.lang.Object], qualifiers=[@Default, @Any], target=quarkiverse.pokedex.client.runtime.PokeClient]
	at io.quarkus.arc.processor.Beans.resolveInjectionPoint(Beans.java:440)
	at io.quarkus.arc.processor.BeanInfo.init(BeanInfo.java:539)
	at io.quarkus.arc.processor.BeanDeployment.init(BeanDeployment.java:276)
	... 13 more
]]></error>
    <system-out><![CDATA[&amp#27;[94mTests paused&amp#27;[39m
]]></system-out>
  </testcase>
</testsuite>